<?xml version="1.0" encoding="UTF-8"?>
<!-- Generated by org.testng.reporters.JUnitReportReporter -->
<testsuite hostname="DESKTOP-R3N6JMJ" failures="0" tests="1" name="Tests.BrowserNavigationCommands" time="2.869" errors="0" timestamp="2021-01-29T20:08:44 EET" skipped="0">
  <testcase classname="Tests.BrowserNavigationCommands" name="BrowserNavigationCommand" time="2.869"/>
  <system-out/>
</testsuite> <!-- Tests.BrowserNavigationCommands -->
