<?xml version="1.0" encoding="UTF-8"?>
<!-- Generated by org.testng.reporters.JUnitReportReporter -->
<testsuite hostname="DESKTOP-R3N6JMJ" failures="0" tests="1" name="Tests.CheckAllLinksResponseCodes" time="1.703" errors="0" timestamp="2021-01-29T20:08:44 EET" skipped="0">
  <testcase classname="Tests.CheckAllLinksResponseCodes" name="CheckLinksResponseCode" time="1.703"/>
  <system-out/>
</testsuite> <!-- Tests.CheckAllLinksResponseCodes -->
