<?xml version="1.0" encoding="UTF-8"?>
<!-- Generated by org.testng.reporters.JUnitReportReporter -->
<testsuite hostname="DESKTOP-UOFJPQ5" failures="0" tests="2" name="Tests.HandlingMultipleWindows" time="2.748" errors="0" timestamp="2021-03-26T17:46:39 EET" skipped="0">
  <testcase classname="Tests.HandlingMultipleWindows" name="handleMultipleWindowsUsingTitle" time="0.700"/>
  <system-out/>
  <testcase classname="Tests.HandlingMultipleWindows" name="HandleMultipleWindowsUsingName" time="2.048"/>
  <system-out/>
</testsuite> <!-- Tests.HandlingMultipleWindows -->
