<?xml version="1.0" encoding="UTF-8"?>
<!-- Generated by org.testng.reporters.JUnitReportReporter -->
<testsuite hostname="DESKTOP-UOFJPQ5" failures="0" tests="4" name="Tests.AlertHandling" time="3.511" errors="0" timestamp="2021-03-26T17:46:39 EET" skipped="0">
  <testcase classname="Tests.AlertHandling" name="HandleAlerts" time="1.717"/>
  <system-out/>
  <testcase classname="Tests.AlertHandling" name="acceptConfirmAlert" time="0.356"/>
  <system-out/>
  <testcase classname="Tests.AlertHandling" name="CancelConfirmAlert" time="1.084"/>
  <system-out/>
  <testcase classname="Tests.AlertHandling" name="sendKeysToPromptAlert" time="0.354"/>
  <system-out/>
</testsuite> <!-- Tests.AlertHandling -->
