<?xml version="1.0" encoding="UTF-8"?>
<!-- Generated by org.testng.reporters.JUnitReportReporter -->
<testsuite hostname="DESKTOP-UOFJPQ5" failures="0" tests="1" name="Tests.ChromeOptionsTest" time="3.208" errors="0" timestamp="2021-03-26T17:46:39 EET" skipped="0">
  <testcase classname="Tests.ChromeOptionsTest" name="goToUrl" time="3.208"/>
  <system-out/>
</testsuite> <!-- Tests.ChromeOptionsTest -->
