<?xml version="1.0" encoding="UTF-8"?>
<!-- Generated by org.testng.reporters.JUnitReportReporter -->
<testsuite hostname="DESKTOP-UOFJPQ5" failures="0" tests="1" name="Tests.CheckAllLinksResponseCodes" time="33.755" errors="0" timestamp="2021-03-26T17:46:39 EET" skipped="0">
  <testcase classname="Tests.CheckAllLinksResponseCodes" name="CheckLinksResponseCode" time="33.755"/>
  <system-out/>
</testsuite> <!-- Tests.CheckAllLinksResponseCodes -->
