<?xml version="1.0" encoding="UTF-8"?>
<!-- Generated by org.testng.reporters.JUnitReportReporter -->
<testsuite hostname="DESKTOP-UOFJPQ5" failures="0" tests="3" name="Tests.Frames" time="2.286" errors="0" timestamp="2021-03-26T17:46:39 EET" skipped="0">
  <testcase classname="Tests.Frames" name="FramesTestUsingId" time="1.005"/>
  <system-out/>
  <testcase classname="Tests.Frames" name="FrameTestUsingName" time="0.631"/>
  <system-out/>
  <testcase classname="Tests.Frames" name="FrameTestUsingIndex" time="0.650"/>
  <system-out/>
</testsuite> <!-- Tests.Frames -->
