<?xml version="1.0" encoding="UTF-8"?>
<!-- Generated by org.testng.reporters.JUnitReportReporter -->
<testsuite hostname="DESKTOP-R3N6JMJ" failures="0" tests="4" name="Tests.AlertHandling" time="1.957" errors="0" timestamp="2021-01-29T20:08:44 EET" skipped="0">
  <testcase classname="Tests.AlertHandling" name="HandleAlerts" time="0.174"/>
  <system-out/>
  <testcase classname="Tests.AlertHandling" name="acceptConfirmAlert" time="0.119"/>
  <system-out/>
  <testcase classname="Tests.AlertHandling" name="CancelConfirmAlert" time="0.109"/>
  <system-out/>
  <testcase classname="Tests.AlertHandling" name="sendKeysToPromptAlert" time="1.555"/>
  <system-out/>
</testsuite> <!-- Tests.AlertHandling -->
