<?xml version="1.0" encoding="UTF-8"?>
<!-- Generated by org.testng.reporters.JUnitReportReporter -->
<testsuite hostname="DESKTOP-R3N6JMJ" failures="0" tests="1" name="Tests.FormAuthenticationTest" time="2.036" errors="0" timestamp="2021-02-05T22:51:04 EET" skipped="0">
  <testcase classname="Tests.FormAuthenticationTest" name="Login" time="2.036"/>
  <system-out/>
</testsuite> <!-- Tests.FormAuthenticationTest -->
