<?xml version="1.0" encoding="UTF-8"?>
<!-- Generated by org.testng.reporters.JUnitReportReporter -->
<testsuite hostname="DESKTOP-R3N6JMJ" failures="0" tests="1" name="Tests.TablesTest" time="1.250" errors="0" timestamp="2021-02-05T22:51:04 EET" skipped="0">
  <testcase classname="Tests.TablesTest" name="TableTest" time="1.250"/>
  <system-out/>
</testsuite> <!-- Tests.TablesTest -->
